2025-06-20 11:32:34 | INFO     | MainThread      | logger.py:157 | 开始处理请求: GET /api/cache/info
2025-06-20 11:32:34 | INFO     | MainThread      | logger.py:157 | 请求处理完成: GET /api/cache/info
2025-06-20 11:32:37 | INFO     | MainThread      | logger.py:157 | 开始处理请求: GET /api/rule
2025-06-20 11:32:37 | INFO     | MainThread      | logger.py:157 | 请求处理完成: GET /api/rule
2025-06-20 11:32:44 | INFO     | MainThread      | logger.py:157 | 开始处理请求: GET /api/search_history/list
2025-06-20 11:32:44 | INFO     | MainThread      | logger.py:157 | 请求处理完成: GET /api/search_history/list
2025-06-20 11:32:57 | INFO     | MainThread      | logger.py:157 | 开始处理请求: GET /api/rule
2025-06-20 11:32:57 | INFO     | MainThread      | logger.py:157 | 请求处理完成: GET /api/rule
2025-06-20 11:34:07 | INFO     | MainThread      | logger.py:157 | 开始处理请求: GET /api/rule/
2025-06-20 11:34:07 | INFO     | MainThread      | logger.py:157 | 请求处理完成: GET /api/rule/
2025-06-20 11:34:12 | INFO     | MainThread      | logger.py:157 | 开始处理请求: GET /api/history/
2025-06-20 11:34:12 | INFO     | MainThread      | logger.py:157 | 请求处理完成: GET /api/history/
2025-06-20 11:34:12 | INFO     | MainThread      | logger.py:157 | 开始处理请求: GET /api/rule/
2025-06-20 11:34:12 | INFO     | MainThread      | logger.py:157 | 请求处理完成: GET /api/rule/
2025-06-20 11:34:27 | INFO     | MainThread      | logger.py:157 | 开始处理请求: GET /api/rule/
2025-06-20 11:34:27 | INFO     | MainThread      | logger.py:157 | 请求处理完成: GET /api/rule/
2025-06-20 11:34:32 | INFO     | MainThread      | logger.py:157 | 开始处理请求: GET /api/rule/
2025-06-20 11:34:32 | INFO     | MainThread      | logger.py:157 | 请求处理完成: GET /api/rule/
2025-06-20 11:34:34 | INFO     | MainThread      | logger.py:157 | 开始处理请求: GET /api/rule/
2025-06-20 11:34:34 | INFO     | MainThread      | logger.py:157 | 请求处理完成: GET /api/rule/
2025-06-20 11:34:35 | INFO     | MainThread      | logger.py:157 | 开始处理请求: GET /api/rule/
2025-06-20 11:34:35 | INFO     | MainThread      | logger.py:157 | 请求处理完成: GET /api/rule/
2025-06-20 11:36:35 | INFO     | MainThread      | logger.py:157 | 开始处理请求: GET /api/search_history/list
2025-06-20 11:36:35 | INFO     | MainThread      | logger.py:157 | 请求处理完成: GET /api/search_history/list
2025-06-20 11:36:40 | INFO     | MainThread      | logger.py:157 | 开始处理请求: GET /api/search_history/list
2025-06-20 11:36:40 | INFO     | MainThread      | logger.py:157 | 请求处理完成: GET /api/search_history/list
2025-06-20 11:36:40 | INFO     | MainThread      | logger.py:157 | 开始处理请求: GET /api/search_history/list
2025-06-20 11:36:40 | INFO     | MainThread      | logger.py:157 | 请求处理完成: GET /api/search_history/list
2025-06-20 11:36:41 | INFO     | MainThread      | logger.py:157 | 开始处理请求: GET /api/search_history/list
2025-06-20 11:36:41 | INFO     | MainThread      | logger.py:157 | 请求处理完成: GET /api/search_history/list
2025-06-20 11:36:41 | INFO     | MainThread      | logger.py:157 | 开始处理请求: GET /api/search_history/list
2025-06-20 11:36:41 | INFO     | MainThread      | logger.py:157 | 请求处理完成: GET /api/search_history/list
2025-06-20 11:36:41 | INFO     | MainThread      | logger.py:157 | 开始处理请求: GET /api/search_history/list
2025-06-20 11:36:41 | INFO     | MainThread      | logger.py:157 | 请求处理完成: GET /api/search_history/list
2025-06-20 11:36:42 | INFO     | MainThread      | logger.py:157 | 开始处理请求: GET /api/bookshelf/list
2025-06-20 11:36:42 | INFO     | MainThread      | logger.py:157 | 请求处理完成: GET /api/bookshelf/list
2025-06-20 11:36:48 | INFO     | MainThread      | logger.py:157 | 开始处理请求: GET /api/history/
2025-06-20 11:36:48 | INFO     | MainThread      | logger.py:157 | 请求处理完成: GET /api/history/
2025-06-20 11:36:49 | INFO     | MainThread      | logger.py:157 | 开始处理请求: GET /api/rule/
2025-06-20 11:36:49 | INFO     | MainThread      | logger.py:157 | 请求处理完成: GET /api/rule/
2025-06-20 11:46:32 | INFO     | MainThread      | logger.py:157 | 开始处理请求: GET /api/cache/info
2025-06-20 11:46:32 | INFO     | MainThread      | logger.py:157 | 请求处理完成: GET /api/cache/info
2025-06-20 11:47:19 | INFO     | MainThread      | logger.py:157 | 开始处理请求: GET /api/cache/info
2025-06-20 11:47:19 | INFO     | MainThread      | logger.py:157 | 请求处理完成: GET /api/cache/info
2025-06-20 11:50:40 | INFO     | MainThread      | logger.py:157 | 开始处理请求: GET /api/cache/info
2025-06-20 11:50:40 | INFO     | MainThread      | logger.py:157 | 请求处理完成: GET /api/cache/info
2025-06-20 12:45:13 | INFO     | MainThread      | logger.py:157 | 开始处理请求: GET /api/history/
2025-06-20 12:45:13 | INFO     | MainThread      | logger.py:157 | 请求处理完成: GET /api/history/
2025-06-20 12:47:26 | INFO     | MainThread      | logger.py:157 | 开始处理请求: GET /api/bookshelf/list
2025-06-20 12:47:27 | INFO     | MainThread      | logger.py:157 | 请求处理完成: GET /api/bookshelf/list
2025-06-20 12:47:28 | INFO     | MainThread      | logger.py:157 | 开始处理请求: GET /api/cache/info
2025-06-20 12:47:28 | INFO     | MainThread      | logger.py:157 | 请求处理完成: GET /api/cache/info
2025-06-20 12:47:30 | INFO     | MainThread      | logger.py:157 | 开始处理请求: GET /api/cache/info
2025-06-20 12:47:30 | INFO     | MainThread      | logger.py:157 | 请求处理完成: GET /api/cache/info
2025-06-20 12:47:32 | INFO     | MainThread      | logger.py:157 | 开始处理请求: GET /api/bookshelf/list
2025-06-20 12:47:32 | INFO     | MainThread      | logger.py:157 | 请求处理完成: GET /api/bookshelf/list
2025-06-20 12:47:33 | INFO     | MainThread      | logger.py:157 | 开始处理请求: GET /api/history/
2025-06-20 12:47:33 | INFO     | MainThread      | logger.py:157 | 请求处理完成: GET /api/history/
2025-06-20 12:47:34 | INFO     | MainThread      | logger.py:157 | 开始处理请求: GET /api/cache/info
2025-06-20 12:47:34 | INFO     | MainThread      | logger.py:157 | 请求处理完成: GET /api/cache/info
2025-06-20 12:47:52 | INFO     | MainThread      | logger.py:157 | 开始处理请求: GET /api/cache/info
2025-06-20 12:47:52 | INFO     | MainThread      | logger.py:157 | 请求处理完成: GET /api/cache/info
2025-06-20 12:47:54 | INFO     | MainThread      | logger.py:157 | 开始处理请求: GET /api/cache/info
2025-06-20 12:47:54 | INFO     | MainThread      | logger.py:157 | 请求处理完成: GET /api/cache/info
2025-06-20 12:47:56 | INFO     | MainThread      | logger.py:157 | 开始处理请求: GET /api/history/
2025-06-20 12:47:56 | INFO     | MainThread      | logger.py:157 | 请求处理完成: GET /api/history/
2025-06-20 12:47:56 | INFO     | MainThread      | logger.py:157 | 开始处理请求: GET /api/cache/info
2025-06-20 12:47:56 | INFO     | MainThread      | logger.py:157 | 请求处理完成: GET /api/cache/info
2025-06-20 12:48:01 | INFO     | MainThread      | logger.py:157 | 开始处理请求: GET /api/rule/
2025-06-20 12:48:01 | INFO     | MainThread      | logger.py:157 | 请求处理完成: GET /api/rule/
2025-06-20 12:48:02 | INFO     | MainThread      | logger.py:157 | 开始处理请求: GET /api/cache/info
2025-06-20 12:48:02 | INFO     | MainThread      | logger.py:157 | 请求处理完成: GET /api/cache/info
2025-06-20 13:09:23 | INFO     | MainThread      | logger.py:157 | 开始处理请求: GET /api/cache/info
2025-06-20 13:09:23 | INFO     | MainThread      | logger.py:157 | 请求处理完成: GET /api/cache/info
2025-06-20 13:09:25 | INFO     | MainThread      | logger.py:157 | 开始处理请求: GET /api/rule/
2025-06-20 13:09:25 | INFO     | MainThread      | logger.py:157 | 请求处理完成: GET /api/rule/
2025-06-20 13:09:26 | INFO     | MainThread      | logger.py:157 | 开始处理请求: GET /api/cache/info
2025-06-20 13:09:26 | INFO     | MainThread      | logger.py:157 | 请求处理完成: GET /api/cache/info
2025-06-20 13:10:17 | INFO     | MainThread      | logger.py:157 | 开始处理请求: GET /api/rule/
2025-06-20 13:10:17 | INFO     | MainThread      | logger.py:157 | 请求处理完成: GET /api/rule/
2025-06-20 13:26:30 | INFO     | MainThread      | logger.py:157 | 开始处理请求: GET /api/cache/info
2025-06-20 13:26:30 | INFO     | MainThread      | logger.py:157 | 请求处理完成: GET /api/cache/info
2025-06-20 13:26:32 | INFO     | MainThread      | logger.py:157 | 开始处理请求: GET /api/rule/
2025-06-20 13:26:33 | INFO     | MainThread      | logger.py:157 | 请求处理完成: GET /api/rule/
2025-06-20 13:26:33 | INFO     | MainThread      | logger.py:157 | 开始处理请求: GET /api/history/
2025-06-20 13:26:34 | INFO     | MainThread      | logger.py:157 | 请求处理完成: GET /api/history/
2025-06-20 13:26:34 | INFO     | MainThread      | logger.py:157 | 开始处理请求: GET /api/cache/info
2025-06-20 13:26:34 | INFO     | MainThread      | logger.py:157 | 请求处理完成: GET /api/cache/info
2025-06-20 13:26:39 | INFO     | MainThread      | logger.py:157 | 开始处理请求: GET /api/cache/info
2025-06-20 13:26:39 | INFO     | MainThread      | logger.py:157 | 请求处理完成: GET /api/cache/info
2025-06-20 13:26:45 | INFO     | MainThread      | logger.py:157 | 开始处理请求: GET /api/bookshelf/list
2025-06-20 13:26:46 | INFO     | MainThread      | logger.py:157 | 请求处理完成: GET /api/bookshelf/list
2025-06-20 13:26:54 | INFO     | MainThread      | logger.py:157 | 开始处理请求: GET /api/search_history/list
2025-06-20 13:26:54 | INFO     | MainThread      | logger.py:157 | 获取搜索历史列表
2025-06-20 13:26:54 | INFO     | MainThread      | logger.py:157 | 请求处理完成: GET /api/search_history/list
2025-06-20 13:26:56 | INFO     | MainThread      | logger.py:157 | 开始处理请求: GET /api/bookshelf/list
2025-06-20 13:26:56 | INFO     | MainThread      | logger.py:157 | 请求处理完成: GET /api/bookshelf/list
2025-06-20 13:27:08 | INFO     | MainThread      | logger.py:157 | 开始处理请求: GET /api/search_history/list
2025-06-20 13:27:08 | INFO     | MainThread      | logger.py:157 | 获取搜索历史列表
2025-06-20 13:27:08 | INFO     | MainThread      | logger.py:157 | 请求处理完成: GET /api/search_history/list
2025-06-20 13:27:12 | INFO     | MainThread      | logger.py:157 | 开始处理请求: GET /api/history/
2025-06-20 13:27:12 | INFO     | MainThread      | logger.py:157 | 请求处理完成: GET /api/history/
2025-06-20 13:27:20 | INFO     | MainThread      | logger.py:157 | 开始处理请求: GET /api/rule/
2025-06-20 13:27:20 | INFO     | MainThread      | logger.py:157 | 请求处理完成: GET /api/rule/
2025-06-20 13:52:11 | INFO     | MainThread      | logger.py:157 | 开始处理请求: GET /api/rule/
2025-06-20 13:52:11 | INFO     | MainThread      | logger.py:157 | 请求处理完成: GET /api/rule/
2025-06-20 13:54:44 | INFO     | MainThread      | logger.py:157 | 开始处理请求: GET /api/cache/info
2025-06-20 13:54:44 | INFO     | MainThread      | logger.py:157 | 请求处理完成: GET /api/cache/info
2025-06-20 13:54:47 | INFO     | MainThread      | logger.py:157 | 开始处理请求: GET /api/cache/info
2025-06-20 13:54:47 | INFO     | MainThread      | logger.py:157 | 请求处理完成: GET /api/cache/info
2025-06-20 13:54:50 | INFO     | MainThread      | logger.py:157 | 开始处理请求: GET /api/rule/
2025-06-20 13:54:50 | INFO     | MainThread      | logger.py:157 | 请求处理完成: GET /api/rule/
2025-06-20 13:54:51 | INFO     | MainThread      | logger.py:157 | 开始处理请求: GET /api/cache/info
2025-06-20 13:54:51 | INFO     | MainThread      | logger.py:157 | 请求处理完成: GET /api/cache/info
2025-06-20 13:54:53 | INFO     | MainThread      | logger.py:157 | 开始处理请求: GET /api/cache/info
2025-06-20 13:54:53 | INFO     | MainThread      | logger.py:157 | 请求处理完成: GET /api/cache/info
2025-06-20 13:56:22 | INFO     | MainThread      | logger.py:157 | 开始处理请求: GET /api/rule/
2025-06-20 13:56:22 | INFO     | MainThread      | logger.py:157 | 请求处理完成: GET /api/rule/
2025-06-20 13:56:25 | INFO     | MainThread      | logger.py:157 | 开始处理请求: GET /api/history/
2025-06-20 13:56:25 | INFO     | MainThread      | logger.py:157 | 请求处理完成: GET /api/history/
2025-06-20 13:56:25 | INFO     | MainThread      | logger.py:157 | 开始处理请求: GET /api/rule/
2025-06-20 13:56:25 | INFO     | MainThread      | logger.py:157 | 请求处理完成: GET /api/rule/
2025-06-20 13:56:26 | INFO     | MainThread      | logger.py:157 | 开始处理请求: GET /api/rule/undefined
2025-06-20 13:56:26 | INFO     | MainThread      | logger.py:157 | 请求处理完成: GET /api/rule/undefined
2025-06-20 13:56:27 | INFO     | MainThread      | logger.py:157 | 开始处理请求: GET /api/rule/undefined
2025-06-20 13:56:27 | INFO     | MainThread      | logger.py:157 | 请求处理完成: GET /api/rule/undefined
2025-06-20 13:56:27 | INFO     | MainThread      | logger.py:157 | 开始处理请求: GET /api/rule/undefined
2025-06-20 13:56:27 | INFO     | MainThread      | logger.py:157 | 请求处理完成: GET /api/rule/undefined
2025-06-20 13:56:27 | INFO     | MainThread      | logger.py:157 | 开始处理请求: GET /api/rule/undefined
2025-06-20 13:56:27 | INFO     | MainThread      | logger.py:157 | 请求处理完成: GET /api/rule/undefined
2025-06-20 13:56:33 | INFO     | MainThread      | logger.py:157 | 开始处理请求: GET /api/rule/undefined
2025-06-20 13:56:33 | INFO     | MainThread      | logger.py:157 | 请求处理完成: GET /api/rule/undefined
2025-06-20 14:04:50 | INFO     | MainThread      | logger.py:157 | 开始处理请求: GET /api/cache/info
2025-06-20 14:04:50 | INFO     | MainThread      | logger.py:157 | 请求处理完成: GET /api/cache/info
2025-06-20 14:04:52 | INFO     | MainThread      | logger.py:157 | 开始处理请求: GET /api/cache/info
2025-06-20 14:04:52 | INFO     | MainThread      | logger.py:157 | 请求处理完成: GET /api/cache/info
2025-06-20 14:04:54 | INFO     | MainThread      | logger.py:157 | 开始处理请求: GET /api/rule/
2025-06-20 14:04:54 | INFO     | MainThread      | logger.py:157 | 请求处理完成: GET /api/rule/
2025-06-20 14:04:54 | INFO     | MainThread      | logger.py:157 | 开始处理请求: GET /api/cache/info
2025-06-20 14:04:54 | INFO     | MainThread      | logger.py:157 | 请求处理完成: GET /api/cache/info
2025-06-20 14:11:13 | INFO     | MainThread      | logger.py:157 | 开始处理请求: GET /api/rule/
2025-06-20 14:11:13 | INFO     | MainThread      | logger.py:157 | 请求处理完成: GET /api/rule/
2025-06-20 14:11:15 | INFO     | MainThread      | logger.py:157 | 开始处理请求: GET /api/history/
2025-06-20 14:11:15 | INFO     | MainThread      | logger.py:157 | 请求处理完成: GET /api/history/
2025-06-20 14:11:16 | INFO     | MainThread      | logger.py:157 | 开始处理请求: GET /api/bookshelf/list
2025-06-20 14:11:16 | INFO     | MainThread      | logger.py:157 | 请求处理完成: GET /api/bookshelf/list
2025-06-20 14:27:14 | INFO     | MainThread      | logger.py:157 | 开始处理请求: GET /health
2025-06-20 14:27:14 | INFO     | MainThread      | logger.py:157 | 请求处理完成: GET /health
2025-06-20 14:27:34 | INFO     | MainThread      | logger.py:157 | 开始处理请求: GET /
2025-06-20 14:27:34 | INFO     | MainThread      | logger.py:157 | 请求处理完成: GET /
2025-06-20 14:28:09 | INFO     | MainThread      | logger.py:157 | 开始处理请求: GET /api/rule
2025-06-20 14:28:09 | INFO     | MainThread      | logger.py:157 | 请求处理完成: GET /api/rule
2025-06-20 14:28:09 | INFO     | MainThread      | logger.py:157 | 开始处理请求: GET /api/rule/
2025-06-20 14:28:09 | INFO     | MainThread      | logger.py:157 | 请求处理完成: GET /api/rule/
2025-06-20 14:28:22 | INFO     | MainThread      | logger.py:157 | 开始处理请求: GET /api/cache/info
2025-06-20 14:28:23 | INFO     | MainThread      | logger.py:157 | 请求处理完成: GET /api/cache/info
2025-06-20 14:35:19 | INFO     | MainThread      | logger.py:157 | 开始处理请求: GET /api/rule/
2025-06-20 14:35:19 | INFO     | MainThread      | logger.py:157 | 请求处理完成: GET /api/rule/
2025-06-20 14:35:19 | INFO     | MainThread      | logger.py:157 | 开始处理请求: GET /api/rule/undefined
2025-06-20 14:35:19 | INFO     | MainThread      | logger.py:157 | 请求处理完成: GET /api/rule/undefined
2025-06-20 15:36:14 | INFO     | MainThread      | logger.py:157 | 开始处理请求: GET /api/cache/info
2025-06-20 15:36:14 | INFO     | MainThread      | logger.py:157 | 请求处理完成: GET /api/cache/info
2025-06-20 15:36:34 | INFO     | MainThread      | logger.py:157 | 开始处理请求: GET /api/rule/
2025-06-20 15:36:34 | INFO     | MainThread      | logger.py:157 | 请求处理完成: GET /api/rule/
2025-06-20 15:36:34 | INFO     | MainThread      | logger.py:157 | 开始处理请求: GET /api/rule/undefined
2025-06-20 15:36:34 | INFO     | MainThread      | logger.py:157 | 请求处理完成: GET /api/rule/undefined
2025-06-20 15:36:35 | INFO     | MainThread      | logger.py:157 | 开始处理请求: GET /api/rule/undefined
2025-06-20 15:36:35 | INFO     | MainThread      | logger.py:157 | 请求处理完成: GET /api/rule/undefined
2025-06-20 15:36:35 | INFO     | MainThread      | logger.py:157 | 开始处理请求: GET /api/rule/undefined
2025-06-20 15:36:35 | INFO     | MainThread      | logger.py:157 | 请求处理完成: GET /api/rule/undefined
2025-06-20 15:36:35 | INFO     | MainThread      | logger.py:157 | 开始处理请求: GET /api/rule/undefined
2025-06-20 15:36:35 | INFO     | MainThread      | logger.py:157 | 请求处理完成: GET /api/rule/undefined
2025-06-20 15:36:35 | INFO     | MainThread      | logger.py:157 | 开始处理请求: GET /api/rule/undefined
2025-06-20 15:36:35 | INFO     | MainThread      | logger.py:157 | 请求处理完成: GET /api/rule/undefined
2025-06-20 15:36:35 | INFO     | MainThread      | logger.py:157 | 开始处理请求: GET /api/rule/undefined
2025-06-20 15:36:35 | INFO     | MainThread      | logger.py:157 | 请求处理完成: GET /api/rule/undefined
2025-06-20 15:36:36 | INFO     | MainThread      | logger.py:157 | 开始处理请求: GET /api/rule/undefined
2025-06-20 15:36:36 | INFO     | MainThread      | logger.py:157 | 请求处理完成: GET /api/rule/undefined
2025-06-21 09:30:04 | INFO     | MainThread      | logger.py:157 | 开始处理请求: GET /api/search_history/list
2025-06-21 09:30:04 | INFO     | MainThread      | logger.py:157 | 获取搜索历史列表
2025-06-21 09:30:04 | INFO     | MainThread      | logger.py:157 | 请求处理完成: GET /api/search_history/list
2025-06-21 09:30:14 | INFO     | MainThread      | logger.py:157 | 开始处理请求: GET /api/bookshelf/list
2025-06-21 09:30:14 | INFO     | MainThread      | logger.py:157 | 请求处理完成: GET /api/bookshelf/list
2025-06-21 09:30:20 | INFO     | MainThread      | logger.py:157 | 开始处理请求: GET /api/rule/
2025-06-21 09:30:20 | INFO     | MainThread      | logger.py:157 | 请求处理完成: GET /api/rule/
2025-06-21 09:35:33 | INFO     | MainThread      | logger.py:157 | 开始处理请求: GET /api/rule/
2025-06-21 09:35:33 | INFO     | MainThread      | logger.py:157 | 请求处理完成: GET /api/rule/
2025-06-21 10:23:36 | INFO     | MainThread      | logger.py:157 | 开始处理请求: GET /api/rule/
2025-06-21 10:25:12 | INFO     | MainThread      | logger.py:157 | 开始处理请求: POST /api/rule/
2025-06-21 10:25:12 | INFO     | MainThread      | logger.py:157 | 开始处理请求: POST /api/rule/
2025-06-21 10:25:12 | INFO     | MainThread      | logger.py:157 | 开始处理请求: POST /api/rule/
2025-06-21 10:25:12 | INFO     | MainThread      | logger.py:157 | 开始处理请求: POST /api/rule/
2025-06-21 10:25:12 | INFO     | MainThread      | logger.py:157 | 开始处理请求: POST /api/rule/
2025-06-21 10:25:12 | INFO     | MainThread      | logger.py:157 | 开始处理请求: POST /api/rule/
2025-06-21 10:25:12 | INFO     | MainThread      | logger.py:157 | 开始处理请求: POST /api/rule/
2025-06-21 10:25:12 | INFO     | MainThread      | logger.py:157 | 开始处理请求: POST /api/rule/
2025-06-21 10:25:12 | INFO     | MainThread      | logger.py:157 | 开始处理请求: POST /api/rule/
2025-06-21 10:25:12 | INFO     | MainThread      | logger.py:157 | 开始处理请求: POST /api/rule/
2025-06-21 10:25:12 | INFO     | MainThread      | logger.py:157 | 开始处理请求: POST /api/rule/
2025-06-21 10:25:12 | INFO     | MainThread      | logger.py:157 | 开始处理请求: POST /api/rule/
2025-06-21 10:25:12 | INFO     | MainThread      | logger.py:157 | 开始处理请求: POST /api/rule/
2025-06-21 10:25:12 | INFO     | MainThread      | logger.py:157 | 开始处理请求: POST /api/rule/
2025-06-21 10:25:12 | INFO     | MainThread      | logger.py:157 | 开始处理请求: POST /api/rule/
2025-06-21 10:25:12 | INFO     | MainThread      | logger.py:157 | 开始处理请求: POST /api/rule/
2025-06-21 10:25:12 | INFO     | MainThread      | logger.py:157 | 开始处理请求: POST /api/rule/
2025-06-21 10:25:12 | INFO     | MainThread      | logger.py:157 | 开始处理请求: POST /api/rule/
2025-06-21 10:25:12 | INFO     | MainThread      | logger.py:157 | 开始处理请求: POST /api/rule/
2025-06-21 10:25:12 | INFO     | MainThread      | logger.py:157 | 开始处理请求: POST /api/rule/
2025-06-21 10:25:12 | INFO     | MainThread      | logger.py:157 | 开始处理请求: POST /api/rule/
2025-06-21 10:25:12 | INFO     | MainThread      | logger.py:157 | 开始处理请求: POST /api/rule/
2025-06-21 10:25:12 | INFO     | MainThread      | logger.py:157 | 请求处理完成: GET /api/rule/
2025-06-21 10:25:12 | INFO     | MainThread      | logger.py:157 | 请求处理完成: POST /api/rule/
2025-06-21 10:25:12 | INFO     | MainThread      | logger.py:157 | 请求处理完成: POST /api/rule/
2025-06-21 10:25:12 | INFO     | MainThread      | logger.py:157 | 请求处理完成: POST /api/rule/
2025-06-21 10:25:12 | INFO     | MainThread      | logger.py:157 | 请求处理完成: POST /api/rule/
2025-06-21 10:25:12 | INFO     | MainThread      | logger.py:157 | 请求处理完成: POST /api/rule/
2025-06-21 10:25:12 | INFO     | MainThread      | logger.py:157 | 请求处理完成: POST /api/rule/
2025-06-21 10:25:12 | INFO     | MainThread      | logger.py:157 | 请求处理完成: POST /api/rule/
2025-06-21 10:25:12 | INFO     | MainThread      | logger.py:157 | 请求处理完成: POST /api/rule/
2025-06-21 10:25:12 | INFO     | MainThread      | logger.py:157 | 请求处理完成: POST /api/rule/
2025-06-21 10:25:12 | INFO     | MainThread      | logger.py:157 | 请求处理完成: POST /api/rule/
2025-06-21 10:25:12 | INFO     | MainThread      | logger.py:157 | 请求处理完成: POST /api/rule/
2025-06-21 10:25:12 | INFO     | MainThread      | logger.py:157 | 请求处理完成: POST /api/rule/
2025-06-21 10:25:12 | INFO     | MainThread      | logger.py:157 | 开始处理请求: GET /api/rule/
2025-06-21 10:25:12 | INFO     | MainThread      | logger.py:157 | 请求处理完成: POST /api/rule/
2025-06-21 10:25:13 | INFO     | MainThread      | logger.py:157 | 请求处理完成: POST /api/rule/
2025-06-21 10:25:13 | INFO     | MainThread      | logger.py:157 | 请求处理完成: GET /api/rule/
2025-06-21 10:25:13 | INFO     | MainThread      | logger.py:157 | 请求处理完成: POST /api/rule/
2025-06-21 10:25:13 | INFO     | MainThread      | logger.py:157 | 请求处理完成: POST /api/rule/
2025-06-21 10:25:13 | INFO     | MainThread      | logger.py:157 | 请求处理完成: POST /api/rule/
2025-06-21 10:25:13 | INFO     | MainThread      | logger.py:157 | 请求处理完成: POST /api/rule/
2025-06-21 10:25:13 | INFO     | MainThread      | logger.py:157 | 请求处理完成: POST /api/rule/
2025-06-21 10:25:13 | INFO     | MainThread      | logger.py:157 | 请求处理完成: POST /api/rule/
2025-06-21 10:25:13 | INFO     | MainThread      | logger.py:157 | 请求处理完成: POST /api/rule/
2025-06-21 10:25:13 | INFO     | MainThread      | logger.py:157 | 请求处理完成: POST /api/rule/
2025-06-21 10:25:18 | INFO     | MainThread      | logger.py:157 | 开始处理请求: GET /api/history/
2025-06-21 10:25:18 | INFO     | MainThread      | logger.py:157 | 请求处理完成: GET /api/history/
2025-06-21 10:25:18 | INFO     | MainThread      | logger.py:157 | 开始处理请求: GET /api/rule/
2025-06-21 10:25:19 | INFO     | MainThread      | logger.py:157 | 请求处理完成: GET /api/rule/
2025-06-21 10:25:39 | INFO     | MainThread      | logger.py:157 | 开始处理请求: GET /api/rule/
2025-06-21 10:25:48 | INFO     | MainThread      | logger.py:157 | 请求处理完成: GET /api/rule/
2025-06-21 10:26:08 | INFO     | MainThread      | logger.py:157 | 开始处理请求: GET /api/history/
2025-06-21 10:26:08 | INFO     | MainThread      | logger.py:157 | 请求处理完成: GET /api/history/
2025-06-21 10:26:09 | INFO     | MainThread      | logger.py:157 | 开始处理请求: GET /api/rule/
2025-06-21 10:26:09 | INFO     | MainThread      | logger.py:157 | 请求处理完成: GET /api/rule/
2025-06-21 10:27:06 | INFO     | MainThread      | logger.py:157 | 开始处理请求: GET /api/rule/
2025-06-21 10:27:07 | INFO     | MainThread      | logger.py:157 | 请求处理完成: GET /api/rule/
2025-06-21 10:27:12 | INFO     | MainThread      | logger.py:157 | 开始处理请求: GET /api/rule/
2025-06-21 10:27:12 | INFO     | MainThread      | logger.py:157 | 请求处理完成: GET /api/rule/
2025-06-21 10:30:59 | INFO     | MainThread      | logger.py:157 | 开始处理请求: GET /api/search_history/list
2025-06-21 10:30:59 | INFO     | MainThread      | logger.py:157 | 获取搜索历史列表
2025-06-21 10:30:59 | INFO     | MainThread      | logger.py:157 | 请求处理完成: GET /api/search_history/list
2025-06-21 10:31:06 | INFO     | MainThread      | logger.py:157 | 开始处理请求: GET /api/novel/search
2025-06-21 10:31:07 | INFO     | MainThread      | logger.py:157 | 请求处理完成: GET /api/novel/search
2025-06-21 10:31:28 | INFO     | MainThread      | logger.py:157 | 开始处理请求: GET /api/bookshelf/list
2025-06-21 10:31:28 | INFO     | MainThread      | logger.py:157 | 请求处理完成: GET /api/bookshelf/list
2025-06-21 10:31:29 | INFO     | MainThread      | logger.py:157 | 开始处理请求: GET /api/history/
2025-06-21 10:31:29 | INFO     | MainThread      | logger.py:157 | 请求处理完成: GET /api/history/
2025-06-21 10:31:30 | INFO     | MainThread      | logger.py:157 | 开始处理请求: GET /api/rule/
2025-06-21 10:31:30 | INFO     | MainThread      | logger.py:157 | 请求处理完成: GET /api/rule/
2025-06-21 10:31:39 | INFO     | MainThread      | logger.py:157 | 开始处理请求: GET /api/history/
2025-06-21 10:31:39 | INFO     | MainThread      | logger.py:157 | 请求处理完成: GET /api/history/
2025-06-21 10:31:40 | INFO     | MainThread      | logger.py:157 | 开始处理请求: GET /api/rule/
2025-06-21 10:31:40 | INFO     | MainThread      | logger.py:157 | 请求处理完成: GET /api/rule/
2025-06-21 10:31:46 | INFO     | MainThread      | logger.py:157 | 开始处理请求: GET /api/rule/
2025-06-21 10:31:46 | INFO     | MainThread      | logger.py:157 | 请求处理完成: GET /api/rule/
2025-06-21 10:46:37 | INFO     | MainThread      | logger.py:157 | 开始处理请求: GET /api/rule/
2025-06-21 10:46:37 | INFO     | MainThread      | logger.py:157 | 请求处理完成: GET /api/rule/
2025-06-21 10:48:14 | INFO     | MainThread      | logger.py:157 | 开始处理请求: GET /api/rule/
2025-06-21 10:48:14 | INFO     | MainThread      | logger.py:157 | 请求处理完成: GET /api/rule/
2025-06-21 10:51:35 | INFO     | MainThread      | logger.py:157 | 开始处理请求: GET /api/rule/
2025-06-21 10:51:35 | INFO     | MainThread      | logger.py:157 | 请求处理完成: GET /api/rule/
2025-06-21 10:54:30 | INFO     | MainThread      | logger.py:157 | 开始处理请求: GET /api/rule/
2025-06-21 10:54:30 | INFO     | MainThread      | logger.py:157 | 请求处理完成: GET /api/rule/
2025-06-21 10:57:45 | INFO     | MainThread      | logger.py:157 | 开始处理请求: GET /api/rule/
2025-06-21 10:57:45 | INFO     | MainThread      | logger.py:157 | 请求处理完成: GET /api/rule/
2025-06-21 11:01:57 | INFO     | MainThread      | logger.py:157 | 开始处理请求: GET /api/rule/
2025-06-21 11:01:57 | INFO     | MainThread      | logger.py:157 | 请求处理完成: GET /api/rule/
2025-06-21 11:05:24 | INFO     | MainThread      | logger.py:157 | 开始处理请求: GET /api/rule/
2025-06-21 11:05:24 | INFO     | MainThread      | logger.py:157 | 请求处理完成: GET /api/rule/
2025-06-21 11:05:27 | INFO     | MainThread      | logger.py:157 | 开始处理请求: GET /api/rule/
2025-06-21 11:05:27 | INFO     | MainThread      | logger.py:157 | 请求处理完成: GET /api/rule/
2025-06-21 11:07:53 | INFO     | MainThread      | logger.py:157 | 开始处理请求: GET /api/rule/
2025-06-21 11:07:53 | INFO     | MainThread      | logger.py:157 | 请求处理完成: GET /api/rule/
2025-06-21 11:07:54 | INFO     | MainThread      | logger.py:157 | 开始处理请求: GET /api/rule/
2025-06-21 11:07:54 | INFO     | MainThread      | logger.py:157 | 请求处理完成: GET /api/rule/
2025-06-21 11:08:21 | INFO     | MainThread      | logger.py:157 | 开始处理请求: GET /api/rule/
2025-06-21 11:08:21 | INFO     | MainThread      | logger.py:157 | 请求处理完成: GET /api/rule/
2025-06-21 11:08:23 | INFO     | MainThread      | logger.py:157 | 开始处理请求: GET /api/rule/
2025-06-21 11:08:23 | INFO     | MainThread      | logger.py:157 | 请求处理完成: GET /api/rule/
2025-06-21 11:08:24 | INFO     | MainThread      | logger.py:157 | 开始处理请求: GET /api/rule/
2025-06-21 11:08:24 | INFO     | MainThread      | logger.py:157 | 请求处理完成: GET /api/rule/
2025-06-21 12:09:13 | INFO     | MainThread      | logger.py:157 | 开始处理请求: GET /api/rule/
2025-06-21 12:09:13 | INFO     | MainThread      | logger.py:157 | 请求处理完成: GET /api/rule/
2025-06-21 12:09:14 | INFO     | MainThread      | logger.py:157 | 开始处理请求: GET /api/rule/
2025-06-21 12:09:14 | INFO     | MainThread      | logger.py:157 | 请求处理完成: GET /api/rule/
2025-06-21 12:09:17 | INFO     | MainThread      | logger.py:157 | 开始处理请求: POST /api/rule/delete/12
2025-06-21 12:09:17 | INFO     | MainThread      | logger.py:157 | 请求处理完成: POST /api/rule/delete/12
2025-06-21 12:09:17 | INFO     | MainThread      | logger.py:157 | 开始处理请求: GET /api/rule/
2025-06-21 12:09:17 | INFO     | MainThread      | logger.py:157 | 请求处理完成: GET /api/rule/
2025-06-21 12:09:21 | INFO     | MainThread      | logger.py:157 | 开始处理请求: POST /api/rule/delete/13
2025-06-21 12:09:21 | INFO     | MainThread      | logger.py:157 | 请求处理完成: POST /api/rule/delete/13
2025-06-21 12:09:21 | INFO     | MainThread      | logger.py:157 | 开始处理请求: GET /api/rule/
2025-06-21 12:09:21 | INFO     | MainThread      | logger.py:157 | 请求处理完成: GET /api/rule/
2025-06-21 12:09:21 | INFO     | MainThread      | logger.py:157 | 开始处理请求: GET /api/rule/
2025-06-21 12:09:21 | INFO     | MainThread      | logger.py:157 | 请求处理完成: GET /api/rule/
2025-06-21 12:09:40 | INFO     | MainThread      | logger.py:157 | 开始处理请求: POST /api/rule/delete/8
2025-06-21 12:09:40 | INFO     | MainThread      | logger.py:157 | 请求处理完成: POST /api/rule/delete/8
2025-06-21 12:09:41 | INFO     | MainThread      | logger.py:157 | 开始处理请求: GET /api/rule/
2025-06-21 12:09:41 | INFO     | MainThread      | logger.py:157 | 请求处理完成: GET /api/rule/
2025-06-21 12:11:04 | INFO     | MainThread      | logger.py:157 | 开始处理请求: GET /api/history/
2025-06-21 12:11:04 | INFO     | MainThread      | logger.py:157 | 请求处理完成: GET /api/history/
2025-06-21 12:11:06 | INFO     | MainThread      | logger.py:157 | 开始处理请求: GET /api/search_history/list
2025-06-21 12:11:06 | INFO     | MainThread      | logger.py:157 | 获取搜索历史列表
2025-06-21 12:11:06 | INFO     | MainThread      | logger.py:157 | 请求处理完成: GET /api/search_history/list
2025-06-21 12:11:08 | INFO     | MainThread      | logger.py:157 | 开始处理请求: GET /api/novel/search
2025-06-21 12:11:08 | INFO     | MainThread      | logger.py:157 | 请求处理完成: GET /api/novel/search
2025-06-21 12:13:04 | INFO     | MainThread      | logger.py:157 | 开始处理请求: GET /api/novel/search
2025-06-21 12:13:04 | INFO     | MainThread      | logger.py:157 | 请求处理完成: GET /api/novel/search
2025-06-21 12:13:06 | INFO     | MainThread      | logger.py:157 | 开始处理请求: GET /api/search_history/list
2025-06-21 12:13:06 | INFO     | MainThread      | logger.py:157 | 获取搜索历史列表
2025-06-21 12:13:06 | INFO     | MainThread      | logger.py:157 | 请求处理完成: GET /api/search_history/list
2025-06-21 12:13:07 | INFO     | MainThread      | logger.py:157 | 开始处理请求: GET /api/bookshelf/list
2025-06-21 12:13:07 | INFO     | MainThread      | logger.py:157 | 请求处理完成: GET /api/bookshelf/list
2025-06-21 12:13:08 | INFO     | MainThread      | logger.py:157 | 开始处理请求: GET /api/history/
2025-06-21 12:13:08 | INFO     | MainThread      | logger.py:157 | 请求处理完成: GET /api/history/
2025-06-21 12:13:08 | INFO     | MainThread      | logger.py:157 | 开始处理请求: GET /api/rule/
2025-06-21 12:13:09 | INFO     | MainThread      | logger.py:157 | 请求处理完成: GET /api/rule/
2025-06-21 12:13:36 | INFO     | MainThread      | logger.py:157 | 开始处理请求: GET /api/rule/21
2025-06-21 12:13:36 | INFO     | MainThread      | logger.py:157 | 请求处理完成: GET /api/rule/21
2025-06-21 12:13:50 | INFO     | MainThread      | logger.py:157 | 开始处理请求: GET /api/rule/21
2025-06-21 12:13:50 | INFO     | MainThread      | logger.py:157 | 请求处理完成: GET /api/rule/21
2025-06-21 12:14:09 | INFO     | MainThread      | logger.py:157 | 开始处理请求: GET /api/rule/21
2025-06-21 12:14:20 | INFO     | MainThread      | logger.py:157 | 请求处理完成: GET /api/rule/21
2025-06-21 12:40:46 | INFO     | MainThread      | logger.py:157 | 开始处理请求: GET /api/rule/
2025-06-21 12:40:46 | INFO     | MainThread      | logger.py:157 | 请求处理完成: GET /api/rule/
2025-06-21 12:41:13 | INFO     | MainThread      | logger.py:157 | 开始处理请求: GET /api/rule/21
2025-06-21 12:41:13 | INFO     | MainThread      | logger.py:157 | 请求处理完成: GET /api/rule/21
2025-06-21 12:41:15 | INFO     | MainThread      | logger.py:157 | 开始处理请求: GET /api/rule/21
2025-06-21 12:41:16 | INFO     | MainThread      | logger.py:157 | 请求处理完成: GET /api/rule/21
2025-06-21 12:41:19 | INFO     | MainThread      | logger.py:157 | 开始处理请求: GET /api/rule/21
2025-06-21 12:41:19 | INFO     | MainThread      | logger.py:157 | 请求处理完成: GET /api/rule/21
2025-06-21 12:41:27 | INFO     | MainThread      | logger.py:157 | 开始处理请求: GET /api/rule/
2025-06-21 12:41:28 | INFO     | MainThread      | logger.py:157 | 请求处理完成: GET /api/rule/
2025-06-21 12:41:30 | INFO     | MainThread      | logger.py:157 | 开始处理请求: GET /api/rule/14
2025-06-21 12:41:31 | INFO     | MainThread      | logger.py:157 | 请求处理完成: GET /api/rule/14
2025-06-21 12:41:36 | INFO     | MainThread      | logger.py:157 | 开始处理请求: POST /api/rule/update/14
2025-06-21 12:41:36 | INFO     | MainThread      | logger.py:157 | 请求处理完成: POST /api/rule/update/14
2025-06-21 12:41:36 | INFO     | MainThread      | logger.py:157 | 开始处理请求: GET /api/rule/
2025-06-21 12:41:36 | INFO     | MainThread      | logger.py:157 | 请求处理完成: GET /api/rule/
2025-06-21 12:41:54 | INFO     | MainThread      | logger.py:157 | 开始处理请求: GET /api/rule/
2025-06-21 12:41:54 | INFO     | MainThread      | logger.py:157 | 请求处理完成: GET /api/rule/
2025-06-21 12:42:09 | INFO     | MainThread      | logger.py:157 | 开始处理请求: GET /api/rule/
2025-06-21 12:42:09 | INFO     | MainThread      | logger.py:157 | 请求处理完成: GET /api/rule/
2025-06-21 12:42:14 | INFO     | MainThread      | logger.py:157 | 开始处理请求: GET /api/rule/22
2025-06-21 12:42:15 | INFO     | MainThread      | logger.py:157 | 请求处理完成: GET /api/rule/22
2025-06-21 12:42:21 | INFO     | MainThread      | logger.py:157 | 开始处理请求: GET /api/rule/
2025-06-21 12:42:21 | INFO     | MainThread      | logger.py:157 | 请求处理完成: GET /api/rule/
2025-06-21 12:42:41 | INFO     | MainThread      | logger.py:157 | 开始处理请求: GET /api/rule/
2025-06-21 12:42:41 | INFO     | MainThread      | logger.py:157 | 请求处理完成: GET /api/rule/
2025-06-21 12:42:44 | INFO     | MainThread      | logger.py:157 | 开始处理请求: GET /api/rule/14
2025-06-21 12:42:44 | INFO     | MainThread      | logger.py:157 | 请求处理完成: GET /api/rule/14
2025-06-21 12:42:49 | INFO     | MainThread      | logger.py:157 | 开始处理请求: POST /api/rule/update/14
2025-06-21 12:42:49 | INFO     | MainThread      | logger.py:157 | 请求处理完成: POST /api/rule/update/14
2025-06-21 12:42:49 | INFO     | MainThread      | logger.py:157 | 开始处理请求: GET /api/rule/
2025-06-21 12:42:49 | INFO     | MainThread      | logger.py:157 | 请求处理完成: GET /api/rule/
2025-06-21 12:42:52 | INFO     | MainThread      | logger.py:157 | 开始处理请求: POST /api/rule/delete/14
2025-06-21 12:42:52 | INFO     | MainThread      | logger.py:157 | 请求处理完成: POST /api/rule/delete/14
2025-06-21 12:42:53 | INFO     | MainThread      | logger.py:157 | 开始处理请求: GET /api/rule/
2025-06-21 12:42:53 | INFO     | MainThread      | logger.py:157 | 请求处理完成: GET /api/rule/
2025-06-21 12:42:54 | INFO     | MainThread      | logger.py:157 | 开始处理请求: POST /api/rule/delete/15
2025-06-21 12:42:54 | INFO     | MainThread      | logger.py:157 | 请求处理完成: POST /api/rule/delete/15
2025-06-21 12:42:55 | INFO     | MainThread      | logger.py:157 | 开始处理请求: GET /api/rule/
2025-06-21 12:42:55 | INFO     | MainThread      | logger.py:157 | 请求处理完成: GET /api/rule/
2025-06-21 12:42:56 | INFO     | MainThread      | logger.py:157 | 开始处理请求: POST /api/rule/delete/16
2025-06-21 12:42:56 | INFO     | MainThread      | logger.py:157 | 请求处理完成: POST /api/rule/delete/16
2025-06-21 12:42:56 | INFO     | MainThread      | logger.py:157 | 开始处理请求: GET /api/rule/
2025-06-21 12:42:56 | INFO     | MainThread      | logger.py:157 | 请求处理完成: GET /api/rule/
2025-06-21 12:42:57 | INFO     | MainThread      | logger.py:157 | 开始处理请求: POST /api/rule/delete/17
2025-06-21 12:42:57 | INFO     | MainThread      | logger.py:157 | 请求处理完成: POST /api/rule/delete/17
2025-06-21 12:42:57 | INFO     | MainThread      | logger.py:157 | 开始处理请求: GET /api/rule/
2025-06-21 12:42:57 | INFO     | MainThread      | logger.py:157 | 请求处理完成: GET /api/rule/
2025-06-21 12:43:00 | INFO     | MainThread      | logger.py:157 | 开始处理请求: POST /api/rule/delete/18
2025-06-21 12:43:00 | INFO     | MainThread      | logger.py:157 | 请求处理完成: POST /api/rule/delete/18
2025-06-21 12:43:00 | INFO     | MainThread      | logger.py:157 | 开始处理请求: GET /api/rule/
2025-06-21 12:43:00 | INFO     | MainThread      | logger.py:157 | 请求处理完成: GET /api/rule/
2025-06-21 12:43:02 | INFO     | MainThread      | logger.py:157 | 开始处理请求: POST /api/rule/delete/19
2025-06-21 12:43:02 | INFO     | MainThread      | logger.py:157 | 请求处理完成: POST /api/rule/delete/19
2025-06-21 12:43:02 | INFO     | MainThread      | logger.py:157 | 开始处理请求: GET /api/rule/
2025-06-21 12:43:02 | INFO     | MainThread      | logger.py:157 | 请求处理完成: GET /api/rule/
2025-06-21 12:43:03 | INFO     | MainThread      | logger.py:157 | 开始处理请求: POST /api/rule/delete/20
2025-06-21 12:43:04 | INFO     | MainThread      | logger.py:157 | 请求处理完成: POST /api/rule/delete/20
2025-06-21 12:43:04 | INFO     | MainThread      | logger.py:157 | 开始处理请求: GET /api/rule/
2025-06-21 12:43:04 | INFO     | MainThread      | logger.py:157 | 请求处理完成: GET /api/rule/
2025-06-21 12:43:05 | INFO     | MainThread      | logger.py:157 | 开始处理请求: POST /api/rule/delete/20
2025-06-21 12:43:05 | INFO     | MainThread      | logger.py:157 | 请求处理完成: POST /api/rule/delete/20
2025-06-21 12:43:07 | INFO     | MainThread      | logger.py:157 | 开始处理请求: POST /api/rule/delete/20
2025-06-21 12:43:07 | INFO     | MainThread      | logger.py:157 | 请求处理完成: POST /api/rule/delete/20
2025-06-21 12:43:09 | INFO     | MainThread      | logger.py:157 | 开始处理请求: GET /api/history/
2025-06-21 12:43:09 | INFO     | MainThread      | logger.py:157 | 请求处理完成: GET /api/history/
2025-06-21 12:43:10 | INFO     | MainThread      | logger.py:157 | 开始处理请求: GET /api/rule/
2025-06-21 12:43:10 | INFO     | MainThread      | logger.py:157 | 请求处理完成: GET /api/rule/
2025-06-21 12:43:14 | INFO     | MainThread      | logger.py:157 | 开始处理请求: POST /api/rule/delete/9
2025-06-21 12:43:14 | INFO     | MainThread      | logger.py:157 | 请求处理完成: POST /api/rule/delete/9
2025-06-21 12:43:14 | INFO     | MainThread      | logger.py:157 | 开始处理请求: GET /api/rule/
2025-06-21 12:43:14 | INFO     | MainThread      | logger.py:157 | 请求处理完成: GET /api/rule/
2025-06-21 12:43:16 | INFO     | MainThread      | logger.py:157 | 开始处理请求: POST /api/rule/delete/10
2025-06-21 12:43:17 | INFO     | MainThread      | logger.py:157 | 请求处理完成: POST /api/rule/delete/10
2025-06-21 12:43:17 | INFO     | MainThread      | logger.py:157 | 开始处理请求: GET /api/rule/
2025-06-21 12:43:17 | INFO     | MainThread      | logger.py:157 | 请求处理完成: GET /api/rule/
2025-06-21 12:43:18 | INFO     | MainThread      | logger.py:157 | 开始处理请求: POST /api/rule/delete/11
2025-06-21 12:43:18 | INFO     | MainThread      | logger.py:157 | 请求处理完成: POST /api/rule/delete/11
2025-06-21 12:43:19 | INFO     | MainThread      | logger.py:157 | 开始处理请求: GET /api/rule/
2025-06-21 12:43:19 | INFO     | MainThread      | logger.py:157 | 请求处理完成: GET /api/rule/
2025-06-21 12:43:22 | INFO     | MainThread      | logger.py:157 | 开始处理请求: POST /api/rule/delete/21
2025-06-21 12:43:22 | INFO     | MainThread      | logger.py:157 | 请求处理完成: POST /api/rule/delete/21
2025-06-21 12:43:22 | INFO     | MainThread      | logger.py:157 | 开始处理请求: GET /api/rule/
2025-06-21 12:43:22 | INFO     | MainThread      | logger.py:157 | 请求处理完成: GET /api/rule/
2025-06-21 12:43:24 | INFO     | MainThread      | logger.py:157 | 开始处理请求: POST /api/rule/delete/22
2025-06-21 12:43:24 | INFO     | MainThread      | logger.py:157 | 请求处理完成: POST /api/rule/delete/22
2025-06-21 12:43:24 | INFO     | MainThread      | logger.py:157 | 开始处理请求: GET /api/rule/
2025-06-21 12:43:24 | INFO     | MainThread      | logger.py:157 | 请求处理完成: GET /api/rule/
2025-06-21 12:43:26 | INFO     | MainThread      | logger.py:157 | 开始处理请求: POST /api/rule/delete/1
2025-06-21 12:43:26 | INFO     | MainThread      | logger.py:157 | 请求处理完成: POST /api/rule/delete/1
2025-06-21 12:43:26 | INFO     | MainThread      | logger.py:157 | 开始处理请求: GET /api/rule/
2025-06-21 12:43:26 | INFO     | MainThread      | logger.py:157 | 请求处理完成: GET /api/rule/
2025-06-21 12:43:27 | INFO     | MainThread      | logger.py:157 | 开始处理请求: POST /api/rule/delete/2
2025-06-21 12:43:27 | INFO     | MainThread      | logger.py:157 | 请求处理完成: POST /api/rule/delete/2
2025-06-21 12:43:27 | INFO     | MainThread      | logger.py:157 | 开始处理请求: GET /api/rule/
2025-06-21 12:43:28 | INFO     | MainThread      | logger.py:157 | 请求处理完成: GET /api/rule/
2025-06-21 12:43:30 | INFO     | MainThread      | logger.py:157 | 开始处理请求: POST /api/rule/delete/3
2025-06-21 12:43:30 | INFO     | MainThread      | logger.py:157 | 请求处理完成: POST /api/rule/delete/3
2025-06-21 12:43:30 | INFO     | MainThread      | logger.py:157 | 开始处理请求: GET /api/rule/
2025-06-21 12:43:30 | INFO     | MainThread      | logger.py:157 | 请求处理完成: GET /api/rule/
2025-06-21 12:43:32 | INFO     | MainThread      | logger.py:157 | 开始处理请求: POST /api/rule/delete/4
2025-06-21 12:43:32 | INFO     | MainThread      | logger.py:157 | 请求处理完成: POST /api/rule/delete/4
2025-06-21 12:43:32 | INFO     | MainThread      | logger.py:157 | 开始处理请求: GET /api/rule/
2025-06-21 12:43:32 | INFO     | MainThread      | logger.py:157 | 请求处理完成: GET /api/rule/
2025-06-21 12:43:33 | INFO     | MainThread      | logger.py:157 | 开始处理请求: POST /api/rule/delete/5
2025-06-21 12:43:33 | INFO     | MainThread      | logger.py:157 | 请求处理完成: POST /api/rule/delete/5
2025-06-21 12:43:33 | INFO     | MainThread      | logger.py:157 | 开始处理请求: GET /api/rule/
2025-06-21 12:43:34 | INFO     | MainThread      | logger.py:157 | 请求处理完成: GET /api/rule/
2025-06-21 12:43:35 | INFO     | MainThread      | logger.py:157 | 开始处理请求: POST /api/rule/delete/6
2025-06-21 12:43:35 | INFO     | MainThread      | logger.py:157 | 请求处理完成: POST /api/rule/delete/6
2025-06-21 12:43:35 | INFO     | MainThread      | logger.py:157 | 开始处理请求: GET /api/rule/
2025-06-21 12:43:35 | INFO     | MainThread      | logger.py:157 | 请求处理完成: GET /api/rule/
2025-06-21 12:43:36 | INFO     | MainThread      | logger.py:157 | 开始处理请求: POST /api/rule/delete/7
2025-06-21 12:43:36 | INFO     | MainThread      | logger.py:157 | 请求处理完成: POST /api/rule/delete/7
2025-06-21 12:43:36 | INFO     | MainThread      | logger.py:157 | 开始处理请求: GET /api/rule/
2025-06-21 12:43:36 | INFO     | MainThread      | logger.py:157 | 请求处理完成: GET /api/rule/
2025-06-21 12:43:55 | INFO     | MainThread      | logger.py:157 | 开始处理请求: GET /api/history/
2025-06-21 12:43:55 | INFO     | MainThread      | logger.py:157 | 请求处理完成: GET /api/history/
2025-06-21 12:44:10 | INFO     | MainThread      | logger.py:157 | 开始处理请求: GET /api/rule/
2025-06-21 12:44:10 | INFO     | MainThread      | logger.py:157 | 请求处理完成: GET /api/rule/
2025-06-21 12:44:17 | INFO     | MainThread      | logger.py:157 | 开始处理请求: GET /api/rule/
2025-06-21 12:44:17 | INFO     | MainThread      | logger.py:157 | 请求处理完成: GET /api/rule/
2025-06-21 12:54:08 | INFO     | MainThread      | logger.py:157 | 开始处理请求: GET /api/rule/
2025-06-21 12:54:08 | INFO     | MainThread      | logger.py:157 | 请求处理完成: GET /api/rule/
2025-06-21 12:54:28 | INFO     | MainThread      | logger.py:157 | 开始处理请求: GET /api/history/
2025-06-21 12:54:28 | INFO     | MainThread      | logger.py:157 | 请求处理完成: GET /api/history/
2025-06-21 12:54:43 | INFO     | MainThread      | logger.py:157 | 开始处理请求: GET /api/bookshelf/list
2025-06-21 12:54:43 | INFO     | MainThread      | logger.py:157 | 请求处理完成: GET /api/bookshelf/list
2025-06-21 12:54:43 | INFO     | MainThread      | logger.py:157 | 开始处理请求: GET /api/search_history/list
2025-06-21 12:54:43 | INFO     | MainThread      | logger.py:157 | 获取搜索历史列表
2025-06-21 12:54:43 | INFO     | MainThread      | logger.py:157 | 请求处理完成: GET /api/search_history/list
2025-06-21 12:56:00 | INFO     | MainThread      | logger.py:157 | 开始处理请求: GET /api/rule/
2025-06-21 12:56:00 | INFO     | MainThread      | logger.py:157 | 请求处理完成: GET /api/rule/
2025-06-21 13:06:39 | INFO     | MainThread      | logger.py:157 | 开始处理请求: POST /api/rule/
2025-06-21 13:06:39 | INFO     | MainThread      | logger.py:157 | 请求处理完成: POST /api/rule/
2025-06-21 13:06:39 | INFO     | MainThread      | logger.py:157 | 开始处理请求: GET /api/rule/
2025-06-21 13:06:39 | INFO     | MainThread      | logger.py:157 | 请求处理完成: GET /api/rule/
2025-06-21 13:06:55 | INFO     | MainThread      | logger.py:157 | 开始处理请求: GET /api/rule/23
2025-06-21 13:06:55 | INFO     | MainThread      | logger.py:157 | 请求处理完成: GET /api/rule/23
2025-06-21 13:06:57 | INFO     | MainThread      | logger.py:157 | 开始处理请求: GET /api/rule/23
2025-06-21 13:06:57 | INFO     | MainThread      | logger.py:157 | 请求处理完成: GET /api/rule/23
2025-06-21 13:07:25 | INFO     | MainThread      | logger.py:157 | 开始处理请求: GET /api/bookshelf/list
2025-06-21 13:07:25 | INFO     | MainThread      | logger.py:157 | 请求处理完成: GET /api/bookshelf/list
2025-06-21 13:07:27 | INFO     | MainThread      | logger.py:157 | 开始处理请求: GET /api/search_history/list
2025-06-21 13:07:27 | INFO     | MainThread      | logger.py:157 | 获取搜索历史列表
2025-06-21 13:07:27 | INFO     | MainThread      | logger.py:157 | 请求处理完成: GET /api/search_history/list
2025-06-21 13:07:33 | INFO     | MainThread      | logger.py:157 | 开始处理请求: GET /api/novel/search
2025-06-21 13:07:33 | INFO     | MainThread      | logger.py:157 | 请求处理完成: GET /api/novel/search
2025-06-21 13:07:37 | INFO     | MainThread      | logger.py:157 | 开始处理请求: GET /api/novel/search
2025-06-21 13:07:37 | INFO     | MainThread      | logger.py:157 | 请求处理完成: GET /api/novel/search
2025-06-21 13:07:40 | INFO     | MainThread      | logger.py:157 | 开始处理请求: GET /api/search_history/list
2025-06-21 13:07:40 | INFO     | MainThread      | logger.py:157 | 获取搜索历史列表
2025-06-21 13:07:40 | INFO     | MainThread      | logger.py:157 | 请求处理完成: GET /api/search_history/list
2025-06-21 13:07:40 | INFO     | MainThread      | logger.py:157 | 开始处理请求: GET /api/novel/search
2025-06-21 13:07:40 | INFO     | MainThread      | logger.py:157 | 请求处理完成: GET /api/novel/search
2025-06-21 13:07:50 | INFO     | MainThread      | logger.py:157 | 开始处理请求: GET /api/bookshelf/list
2025-06-21 13:07:50 | INFO     | MainThread      | logger.py:157 | 请求处理完成: GET /api/bookshelf/list
2025-06-21 13:07:52 | INFO     | MainThread      | logger.py:157 | 开始处理请求: GET /api/rule/
2025-06-21 13:07:52 | INFO     | MainThread      | logger.py:157 | 请求处理完成: GET /api/rule/
2025-06-21 13:08:15 | INFO     | MainThread      | logger.py:157 | 开始处理请求: GET /api/search_history/list
2025-06-21 13:08:15 | INFO     | MainThread      | logger.py:157 | 获取搜索历史列表
2025-06-21 13:08:15 | INFO     | MainThread      | logger.py:157 | 请求处理完成: GET /api/search_history/list
2025-06-21 13:08:17 | INFO     | MainThread      | logger.py:157 | 开始处理请求: GET /api/rule/
2025-06-21 13:08:17 | INFO     | MainThread      | logger.py:157 | 请求处理完成: GET /api/rule/
2025-06-21 13:09:38 | INFO     | MainThread      | logger.py:157 | 开始处理请求: GET /api/rule/
2025-06-21 13:09:38 | INFO     | MainThread      | logger.py:157 | 请求处理完成: GET /api/rule/
2025-06-21 13:09:40 | INFO     | MainThread      | logger.py:157 | 开始处理请求: GET /api/history/
2025-06-21 13:09:40 | INFO     | MainThread      | logger.py:157 | 请求处理完成: GET /api/history/
2025-06-21 13:09:41 | INFO     | MainThread      | logger.py:157 | 开始处理请求: GET /api/bookshelf/list
2025-06-21 13:09:41 | INFO     | MainThread      | logger.py:157 | 请求处理完成: GET /api/bookshelf/list
2025-06-21 13:09:42 | INFO     | MainThread      | logger.py:157 | 开始处理请求: GET /api/search_history/list
2025-06-21 13:09:42 | INFO     | MainThread      | logger.py:157 | 获取搜索历史列表
2025-06-21 13:09:42 | INFO     | MainThread      | logger.py:157 | 请求处理完成: GET /api/search_history/list
2025-06-21 13:09:59 | INFO     | MainThread      | logger.py:157 | 开始处理请求: GET /api/rule/
2025-06-21 13:09:59 | INFO     | MainThread      | logger.py:157 | 请求处理完成: GET /api/rule/
2025-06-21 13:31:26 | INFO     | MainThread      | logger.py:157 | 开始处理请求: GET /api/rule/23
2025-06-21 13:31:26 | INFO     | MainThread      | logger.py:157 | 请求处理完成: GET /api/rule/23
2025-06-21 13:48:06 | INFO     | MainThread      | logger.py:157 | 开始处理请求: GET /api/search_history/list
2025-06-21 13:48:06 | INFO     | MainThread      | logger.py:157 | 获取搜索历史列表
2025-06-21 13:48:06 | INFO     | MainThread      | logger.py:157 | 请求处理完成: GET /api/search_history/list
2025-06-21 13:48:15 | INFO     | MainThread      | logger.py:157 | 开始处理请求: GET /api/rule/
2025-06-21 13:48:15 | INFO     | MainThread      | logger.py:157 | 请求处理完成: GET /api/rule/
2025-06-21 13:48:39 | INFO     | MainThread      | logger.py:157 | 开始处理请求: GET /api/history/
2025-06-21 13:48:39 | INFO     | MainThread      | logger.py:157 | 请求处理完成: GET /api/history/
2025-06-21 13:48:40 | INFO     | MainThread      | logger.py:157 | 开始处理请求: GET /api/rule/
2025-06-21 13:48:40 | INFO     | MainThread      | logger.py:157 | 请求处理完成: GET /api/rule/
2025-06-21 14:08:45 | INFO     | MainThread      | logger.py:157 | 开始处理请求: POST /api/rule/
2025-06-21 14:08:45 | INFO     | MainThread      | logger.py:157 | 请求处理完成: POST /api/rule/
2025-06-21 14:08:45 | INFO     | MainThread      | logger.py:157 | 开始处理请求: GET /api/rule/
2025-06-21 14:08:45 | INFO     | MainThread      | logger.py:157 | 请求处理完成: GET /api/rule/
2025-06-21 14:08:48 | INFO     | MainThread      | logger.py:157 | 开始处理请求: GET /api/search_history/list
2025-06-21 14:08:48 | INFO     | MainThread      | logger.py:157 | 获取搜索历史列表
2025-06-21 14:08:48 | INFO     | MainThread      | logger.py:157 | 请求处理完成: GET /api/search_history/list
2025-06-21 14:08:55 | INFO     | MainThread      | logger.py:157 | 开始处理请求: GET /api/novel/search
2025-06-21 14:08:56 | INFO     | MainThread      | logger.py:157 | 请求处理完成: GET /api/novel/search
2025-06-21 14:09:08 | INFO     | MainThread      | logger.py:157 | 开始处理请求: GET /api/novel/search
2025-06-21 14:09:08 | INFO     | MainThread      | logger.py:157 | 请求处理完成: GET /api/novel/search
2025-06-21 14:58:50 | INFO     | MainThread      | logger.py:157 | 开始处理请求: GET /api/novel/search
2025-06-21 14:59:05 | INFO     | MainThread      | logger.py:157 | 开始处理请求: GET /api/novel/search
2025-06-21 14:59:52 | INFO     | MainThread      | logger.py:157 | 搜索小说成功: 蛊真人
2025-06-21 14:59:52 | INFO     | MainThread      | logger.py:157 | 请求处理完成: GET /api/novel/search
2025-06-21 15:00:06 | INFO     | MainThread      | logger.py:157 | 搜索小说成功: 蛊真人
2025-06-21 15:00:06 | INFO     | MainThread      | logger.py:157 | 请求处理完成: GET /api/novel/search
2025-06-21 15:01:01 | INFO     | MainThread      | logger.py:157 | 开始处理请求: GET /api/search_history/list
2025-06-21 15:01:21 | INFO     | MainThread      | logger.py:157 | 开始处理请求: GET /api/rule/
2025-06-21 15:01:21 | INFO     | MainThread      | logger.py:157 | 开始处理请求: GET /api/rule/
2025-06-21 15:01:21 | INFO     | MainThread      | logger.py:157 | 开始处理请求: GET /api/history/
2025-06-21 15:01:21 | INFO     | MainThread      | logger.py:157 | 获取搜索历史列表
2025-06-21 15:01:21 | INFO     | MainThread      | logger.py:157 | 请求处理完成: GET /api/search_history/list
2025-06-21 15:01:21 | INFO     | MainThread      | logger.py:157 | 请求处理完成: GET /api/rule/
2025-06-21 15:01:21 | INFO     | MainThread      | logger.py:157 | 请求处理完成: GET /api/rule/
2025-06-21 15:01:21 | INFO     | MainThread      | logger.py:157 | 请求处理完成: GET /api/history/
2025-06-21 15:01:24 | INFO     | MainThread      | logger.py:157 | 开始处理请求: GET /api/history/
2025-06-21 15:01:24 | INFO     | MainThread      | logger.py:157 | 请求处理完成: GET /api/history/
2025-06-21 15:01:25 | INFO     | MainThread      | logger.py:157 | 开始处理请求: GET /api/rule/
2025-06-21 15:01:25 | INFO     | MainThread      | logger.py:157 | 请求处理完成: GET /api/rule/
2025-06-21 15:01:26 | INFO     | MainThread      | logger.py:157 | 开始处理请求: GET /api/search_history/list
2025-06-21 15:01:26 | INFO     | MainThread      | logger.py:157 | 获取搜索历史列表
2025-06-21 15:01:26 | INFO     | MainThread      | logger.py:157 | 请求处理完成: GET /api/search_history/list
2025-06-21 15:01:34 | INFO     | MainThread      | logger.py:157 | 开始处理请求: GET /api/novel/search
2025-06-21 15:02:15 | INFO     | MainThread      | logger.py:157 | 开始处理请求: GET /api/novel/search
2025-06-21 15:11:56 | INFO     | MainThread      | logger.py:157 | 开始处理请求: GET /api/novel/search
2025-06-21 15:11:56 | INFO     | MainThread      | logger.py:157 | 开始处理请求: GET /api/novel/search
2025-06-21 15:11:56 | INFO     | MainThread      | logger.py:157 | 搜索小说成功: 蛊真人
2025-06-21 15:11:56 | INFO     | MainThread      | logger.py:157 | 请求处理完成: GET /api/novel/search
2025-06-21 15:11:56 | INFO     | MainThread      | logger.py:157 | 搜索小说成功: 蛊真人
2025-06-21 15:11:56 | INFO     | MainThread      | logger.py:157 | 请求处理完成: GET /api/novel/search
2025-06-21 15:12:19 | INFO     | MainThread      | logger.py:157 | 开始处理请求: GET /api/novel/search
2025-06-21 15:12:57 | INFO     | MainThread      | logger.py:157 | 搜索小说成功: 蛊真人
2025-06-21 15:12:57 | INFO     | MainThread      | logger.py:157 | 请求处理完成: GET /api/novel/search
2025-06-21 15:12:57 | INFO     | MainThread      | logger.py:157 | 搜索小说成功: 蛊真人
2025-06-21 15:12:57 | INFO     | MainThread      | logger.py:157 | 请求处理完成: GET /api/novel/search
2025-06-21 15:13:19 | INFO     | MainThread      | logger.py:157 | 搜索小说成功: 蛊真人
2025-06-21 15:13:19 | INFO     | MainThread      | logger.py:157 | 请求处理完成: GET /api/novel/search
2025-06-21 15:14:48 | INFO     | MainThread      | logger.py:157 | 开始处理请求: GET /api/search_history/list
2025-06-21 15:14:48 | INFO     | MainThread      | logger.py:157 | 获取搜索历史列表
2025-06-21 15:14:48 | INFO     | MainThread      | logger.py:157 | 请求处理完成: GET /api/search_history/list
2025-06-21 15:14:54 | INFO     | MainThread      | logger.py:157 | 开始处理请求: GET /api/search_history/list
2025-06-21 15:14:54 | INFO     | MainThread      | logger.py:157 | 获取搜索历史列表
2025-06-21 15:14:54 | INFO     | MainThread      | logger.py:157 | 请求处理完成: GET /api/search_history/list
2025-06-21 15:14:54 | INFO     | MainThread      | logger.py:157 | 开始处理请求: GET /api/search_history/list
2025-06-21 15:14:54 | INFO     | MainThread      | logger.py:157 | 获取搜索历史列表
2025-06-21 15:14:54 | INFO     | MainThread      | logger.py:157 | 请求处理完成: GET /api/search_history/list
2025-06-21 15:14:54 | INFO     | MainThread      | logger.py:157 | 开始处理请求: GET /api/search_history/list
2025-06-21 15:14:54 | INFO     | MainThread      | logger.py:157 | 获取搜索历史列表
2025-06-21 15:14:54 | INFO     | MainThread      | logger.py:157 | 请求处理完成: GET /api/search_history/list
2025-06-21 15:15:03 | INFO     | MainThread      | logger.py:157 | 开始处理请求: GET /api/search_history/list
2025-06-21 15:15:03 | INFO     | MainThread      | logger.py:157 | 获取搜索历史列表
2025-06-21 15:15:03 | INFO     | MainThread      | logger.py:157 | 请求处理完成: GET /api/search_history/list
2025-06-21 15:16:21 | INFO     | MainThread      | logger.py:157 | 开始处理请求: GET /api/rule
2025-06-21 15:16:21 | INFO     | MainThread      | logger.py:157 | 请求处理完成: GET /api/rule
2025-06-21 15:16:21 | INFO     | MainThread      | logger.py:157 | 开始处理请求: GET /api/rule/
2025-06-21 15:16:21 | INFO     | MainThread      | logger.py:157 | 请求处理完成: GET /api/rule/
2025-06-21 15:16:43 | INFO     | MainThread      | logger.py:157 | 开始处理请求: GET /api/history
2025-06-21 15:16:43 | INFO     | MainThread      | logger.py:157 | 请求处理完成: GET /api/history
2025-06-21 15:16:43 | INFO     | MainThread      | logger.py:157 | 开始处理请求: GET /api/history/
2025-06-21 15:16:43 | INFO     | MainThread      | logger.py:157 | 请求处理完成: GET /api/history/
2025-06-21 15:17:20 | INFO     | MainThread      | logger.py:157 | 开始处理请求: GET /api/rule
2025-06-21 15:17:20 | INFO     | MainThread      | logger.py:157 | 请求处理完成: GET /api/rule
2025-06-21 15:17:20 | INFO     | MainThread      | logger.py:157 | 开始处理请求: GET /api/rule/
2025-06-21 15:17:20 | INFO     | MainThread      | logger.py:157 | 请求处理完成: GET /api/rule/
2025-06-21 15:25:02 | INFO     | MainThread      | logger.py:157 | 开始处理请求: GET /health
2025-06-21 15:25:02 | INFO     | MainThread      | logger.py:157 | 请求处理完成: GET /health
2025-06-21 15:25:08 | INFO     | MainThread      | logger.py:157 | 开始处理请求: GET /
2025-06-21 15:25:08 | INFO     | MainThread      | logger.py:157 | 请求处理完成: GET /
2025-06-21 15:30:15 | INFO     | MainThread      | logger.py:157 | 开始处理请求: GET /api/search_history/list
2025-06-21 15:30:15 | INFO     | MainThread      | logger.py:157 | 获取搜索历史列表
2025-06-21 15:30:15 | INFO     | MainThread      | logger.py:157 | 请求处理完成: GET /api/search_history/list
2025-06-21 15:34:32 | INFO     | MainThread      | logger.py:157 | 开始处理请求: GET /api/search_history/list
2025-06-21 15:34:32 | INFO     | MainThread      | logger.py:157 | 获取搜索历史列表
2025-06-21 15:34:32 | INFO     | MainThread      | logger.py:157 | 请求处理完成: GET /api/search_history/list
2025-06-21 15:34:44 | INFO     | MainThread      | logger.py:157 | 开始处理请求: GET /api/search_history/list
2025-06-21 15:34:44 | INFO     | MainThread      | logger.py:157 | 获取搜索历史列表
2025-06-21 15:34:44 | INFO     | MainThread      | logger.py:157 | 请求处理完成: GET /api/search_history/list
2025-06-21 15:35:06 | INFO     | MainThread      | logger.py:157 | 开始处理请求: GET /api/bookshelf/list
2025-06-21 15:35:06 | INFO     | MainThread      | logger.py:157 | 开始处理请求: GET /api/search_history/list
2025-06-21 15:35:06 | INFO     | MainThread      | logger.py:157 | 获取搜索历史列表
2025-06-21 15:35:06 | INFO     | MainThread      | logger.py:157 | 请求处理完成: GET /api/search_history/list
2025-06-21 15:35:06 | INFO     | MainThread      | logger.py:157 | 请求处理完成: GET /api/bookshelf/list
2025-06-21 15:35:32 | INFO     | MainThread      | logger.py:157 | 开始处理请求: GET /api/bookshelf/list
2025-06-21 15:35:32 | INFO     | MainThread      | logger.py:157 | 请求处理完成: GET /api/bookshelf/list
2025-06-21 15:35:34 | INFO     | MainThread      | logger.py:157 | 开始处理请求: GET /api/search_history/list
2025-06-21 15:35:34 | INFO     | MainThread      | logger.py:157 | 获取搜索历史列表
2025-06-21 15:35:34 | INFO     | MainThread      | logger.py:157 | 请求处理完成: GET /api/search_history/list
2025-06-21 16:28:51 | INFO     | MainThread      | logger.py:157 | 开始处理请求: GET /api/novel/search
2025-06-21 16:29:22 | INFO     | MainThread      | logger.py:157 | 搜索小说成功: 蛊真人
2025-06-21 16:29:22 | INFO     | MainThread      | logger.py:157 | 请求处理完成: GET /api/novel/search
2025-06-21 16:29:56 | INFO     | MainThread      | logger.py:157 | 开始处理请求: GET /api/rule/
2025-06-21 16:30:01 | INFO     | MainThread      | logger.py:157 | 请求处理完成: GET /api/rule/
2025-06-21 16:34:12 | INFO     | MainThread      | logger.py:157 | 开始处理请求: GET /api/bookshelf/list
2025-06-21 16:34:24 | INFO     | MainThread      | logger.py:157 | 开始处理请求: GET /api/history/
2025-06-21 16:34:24 | INFO     | MainThread      | logger.py:157 | 请求处理完成: GET /api/bookshelf/list
2025-06-21 16:34:24 | INFO     | MainThread      | logger.py:157 | 请求处理完成: GET /api/history/
2025-06-21 16:34:48 | INFO     | MainThread      | logger.py:157 | 开始处理请求: GET /api/bookshelf/list
2025-06-21 16:34:48 | INFO     | MainThread      | logger.py:157 | 请求处理完成: GET /api/bookshelf/list
2025-06-21 16:35:16 | INFO     | MainThread      | logger.py:157 | 开始处理请求: GET /api/history/
2025-06-21 16:35:16 | INFO     | MainThread      | logger.py:157 | 请求处理完成: GET /api/history/
2025-06-21 17:00:11 | INFO     | MainThread      | logger.py:157 | 开始处理请求: GET /api/history/
2025-06-21 17:00:11 | INFO     | MainThread      | logger.py:157 | 请求处理完成: GET /api/history/
2025-06-21 17:11:59 | INFO     | MainThread      | logger.py:157 | 开始处理请求: GET /api/search_history/list
2025-06-21 17:11:59 | INFO     | MainThread      | logger.py:157 | 获取搜索历史列表
2025-06-21 17:11:59 | INFO     | MainThread      | logger.py:157 | 请求处理完成: GET /api/search_history/list
2025-06-21 17:12:08 | INFO     | MainThread      | logger.py:157 | 开始处理请求: GET /api/bookshelf/list
2025-06-21 17:12:08 | INFO     | MainThread      | logger.py:157 | 请求处理完成: GET /api/bookshelf/list
2025-06-21 17:12:11 | INFO     | MainThread      | logger.py:157 | 开始处理请求: GET /api/rule/
2025-06-21 17:12:11 | INFO     | MainThread      | logger.py:157 | 请求处理完成: GET /api/rule/
2025-06-21 17:12:12 | INFO     | MainThread      | logger.py:157 | 开始处理请求: GET /api/history/
2025-06-21 17:12:12 | INFO     | MainThread      | logger.py:157 | 请求处理完成: GET /api/history/
2025-06-21 17:12:13 | INFO     | MainThread      | logger.py:157 | 开始处理请求: GET /api/bookshelf/list
2025-06-21 17:12:13 | INFO     | MainThread      | logger.py:157 | 请求处理完成: GET /api/bookshelf/list
2025-06-21 17:12:14 | INFO     | MainThread      | logger.py:157 | 开始处理请求: GET /api/search_history/list
2025-06-21 17:12:14 | INFO     | MainThread      | logger.py:157 | 获取搜索历史列表
2025-06-21 17:12:14 | INFO     | MainThread      | logger.py:157 | 请求处理完成: GET /api/search_history/list
2025-06-21 17:12:18 | INFO     | MainThread      | logger.py:157 | 开始处理请求: GET /api/bookshelf/list
2025-06-21 17:12:18 | INFO     | MainThread      | logger.py:157 | 请求处理完成: GET /api/bookshelf/list
2025-06-21 17:12:25 | INFO     | MainThread      | logger.py:157 | 开始处理请求: GET /api/search_history/list
2025-06-21 17:12:25 | INFO     | MainThread      | logger.py:157 | 获取搜索历史列表
2025-06-21 17:12:25 | INFO     | MainThread      | logger.py:157 | 请求处理完成: GET /api/search_history/list
2025-06-21 17:12:42 | INFO     | MainThread      | logger.py:157 | 开始处理请求: GET /api/search_history/list
2025-06-21 17:12:42 | INFO     | MainThread      | logger.py:157 | 获取搜索历史列表
2025-06-21 17:12:42 | INFO     | MainThread      | logger.py:157 | 请求处理完成: GET /api/search_history/list
2025-06-21 17:16:57 | INFO     | MainThread      | logger.py:157 | 开始处理请求: GET /api/rule/
2025-06-21 17:16:57 | INFO     | MainThread      | logger.py:157 | 请求处理完成: GET /api/rule/
2025-06-21 17:29:01 | INFO     | MainThread      | logger.py:157 | 开始处理请求: GET /api/history/
2025-06-21 17:29:37 | INFO     | MainThread      | logger.py:157 | 开始处理请求: GET /api/search_history/list
2025-06-21 17:29:37 | INFO     | MainThread      | logger.py:157 | 开始处理请求: GET /api/rule/
2025-06-21 17:29:37 | INFO     | MainThread      | logger.py:157 | 开始处理请求: GET /api/bookshelf/list
2025-06-21 17:29:37 | INFO     | MainThread      | logger.py:157 | 请求处理完成: GET /api/rule/
2025-06-21 17:29:37 | INFO     | MainThread      | logger.py:157 | 获取搜索历史列表
2025-06-21 17:29:37 | INFO     | MainThread      | logger.py:157 | 请求处理完成: GET /api/search_history/list
2025-06-21 17:29:37 | INFO     | MainThread      | logger.py:157 | 请求处理完成: GET /api/history/
2025-06-21 17:29:37 | INFO     | MainThread      | logger.py:157 | 请求处理完成: GET /api/bookshelf/list
2025-06-21 17:39:04 | INFO     | MainThread      | logger.py:157 | 开始处理请求: GET /api/search_history/list
2025-06-21 17:39:04 | INFO     | MainThread      | logger.py:157 | 开始处理请求: GET /api/search_history/list
2025-06-21 17:39:04 | INFO     | MainThread      | logger.py:157 | 开始处理请求: GET /api/search_history/list
2025-06-21 17:39:04 | INFO     | MainThread      | logger.py:157 | 开始处理请求: GET /api/search_history/list
2025-06-21 17:39:04 | INFO     | MainThread      | logger.py:157 | 开始处理请求: GET /api/bookshelf/list
2025-06-21 17:39:04 | INFO     | MainThread      | logger.py:157 | 开始处理请求: GET /api/search_history/list
2025-06-21 17:39:04 | INFO     | MainThread      | logger.py:157 | 开始处理请求: GET /api/history/
2025-06-21 17:39:04 | INFO     | MainThread      | logger.py:157 | 开始处理请求: GET /api/search_history/list
2025-06-21 17:39:04 | INFO     | MainThread      | logger.py:157 | 开始处理请求: GET /api/search_history/list
2025-06-21 17:39:04 | INFO     | MainThread      | logger.py:157 | 开始处理请求: GET /api/search_history/list
2025-06-21 17:39:04 | INFO     | MainThread      | logger.py:157 | 开始处理请求: GET /api/search_history/list
2025-06-21 17:39:04 | INFO     | MainThread      | logger.py:157 | 开始处理请求: GET /api/search_history/list
2025-06-21 17:39:04 | INFO     | MainThread      | logger.py:157 | 开始处理请求: GET /api/search_history/list
2025-06-21 17:39:04 | INFO     | MainThread      | logger.py:157 | 开始处理请求: GET /api/search_history/list
2025-06-21 17:39:04 | INFO     | MainThread      | logger.py:157 | 开始处理请求: GET /api/search_history/list
2025-06-21 17:39:04 | INFO     | MainThread      | logger.py:157 | 开始处理请求: GET /api/search_history/list
2025-06-21 17:39:04 | INFO     | MainThread      | logger.py:157 | 获取搜索历史列表
2025-06-21 17:39:04 | INFO     | MainThread      | logger.py:157 | 获取搜索历史列表
2025-06-21 17:39:04 | INFO     | MainThread      | logger.py:157 | 获取搜索历史列表
2025-06-21 17:39:04 | INFO     | MainThread      | logger.py:157 | 请求处理完成: GET /api/search_history/list
2025-06-21 17:39:04 | INFO     | MainThread      | logger.py:157 | 请求处理完成: GET /api/search_history/list
2025-06-21 17:39:04 | INFO     | MainThread      | logger.py:157 | 请求处理完成: GET /api/search_history/list
2025-06-21 17:39:04 | INFO     | MainThread      | logger.py:157 | 获取搜索历史列表
2025-06-21 17:39:04 | INFO     | MainThread      | logger.py:157 | 获取搜索历史列表
2025-06-21 17:39:04 | INFO     | MainThread      | logger.py:157 | 请求处理完成: GET /api/search_history/list
2025-06-21 17:39:04 | INFO     | MainThread      | logger.py:157 | 获取搜索历史列表
2025-06-21 17:39:04 | INFO     | MainThread      | logger.py:157 | 获取搜索历史列表
2025-06-21 17:39:04 | INFO     | MainThread      | logger.py:157 | 获取搜索历史列表
2025-06-21 17:39:04 | INFO     | MainThread      | logger.py:157 | 获取搜索历史列表
2025-06-21 17:39:04 | INFO     | MainThread      | logger.py:157 | 获取搜索历史列表
2025-06-21 17:39:04 | INFO     | MainThread      | logger.py:157 | 请求处理完成: GET /api/search_history/list
2025-06-21 17:39:04 | INFO     | MainThread      | logger.py:157 | 获取搜索历史列表
2025-06-21 17:39:04 | INFO     | MainThread      | logger.py:157 | 请求处理完成: GET /api/search_history/list
2025-06-21 17:39:04 | INFO     | MainThread      | logger.py:157 | 获取搜索历史列表
2025-06-21 17:39:04 | INFO     | MainThread      | logger.py:157 | 请求处理完成: GET /api/search_history/list
2025-06-21 17:39:04 | INFO     | MainThread      | logger.py:157 | 请求处理完成: GET /api/search_history/list
2025-06-21 17:39:04 | INFO     | MainThread      | logger.py:157 | 请求处理完成: GET /api/search_history/list
2025-06-21 17:39:04 | INFO     | MainThread      | logger.py:157 | 请求处理完成: GET /api/history/
2025-06-21 17:39:04 | INFO     | MainThread      | logger.py:157 | 请求处理完成: GET /api/search_history/list
2025-06-21 17:39:04 | INFO     | MainThread      | logger.py:157 | 获取搜索历史列表
2025-06-21 17:39:04 | INFO     | MainThread      | logger.py:157 | 获取搜索历史列表
2025-06-21 17:39:04 | INFO     | MainThread      | logger.py:157 | 请求处理完成: GET /api/search_history/list
2025-06-21 17:39:04 | INFO     | MainThread      | logger.py:157 | 请求处理完成: GET /api/search_history/list
2025-06-21 17:39:04 | INFO     | MainThread      | logger.py:157 | 请求处理完成: GET /api/search_history/list
2025-06-21 17:39:04 | INFO     | MainThread      | logger.py:157 | 请求处理完成: GET /api/search_history/list
2025-06-21 17:39:04 | INFO     | MainThread      | logger.py:157 | 请求处理完成: GET /api/bookshelf/list
2025-06-21 17:39:39 | INFO     | MainThread      | logger.py:157 | 开始处理请求: GET /api/search_history/list
2025-06-21 17:39:39 | INFO     | MainThread      | logger.py:157 | 获取搜索历史列表
2025-06-21 17:39:40 | INFO     | MainThread      | logger.py:157 | 请求处理完成: GET /api/search_history/list
2025-06-21 17:39:50 | INFO     | MainThread      | logger.py:157 | 开始处理请求: GET /api/search_history/list
2025-06-21 17:39:50 | INFO     | MainThread      | logger.py:157 | 获取搜索历史列表
2025-06-21 17:39:50 | INFO     | MainThread      | logger.py:157 | 请求处理完成: GET /api/search_history/list
2025-06-21 17:39:57 | INFO     | MainThread      | logger.py:157 | 开始处理请求: GET /api/bookshelf/list
2025-06-21 17:39:57 | INFO     | MainThread      | logger.py:157 | 请求处理完成: GET /api/bookshelf/list
2025-06-21 17:39:59 | INFO     | MainThread      | logger.py:157 | 开始处理请求: GET /api/search_history/list
2025-06-21 17:39:59 | INFO     | MainThread      | logger.py:157 | 获取搜索历史列表
2025-06-21 17:39:59 | INFO     | MainThread      | logger.py:157 | 请求处理完成: GET /api/search_history/list
2025-06-21 17:40:06 | INFO     | MainThread      | logger.py:157 | 开始处理请求: GET /api/novel/search
2025-06-21 17:40:37 | INFO     | MainThread      | logger.py:157 | 搜索小说成功: 蛊真人
2025-06-21 17:40:37 | INFO     | MainThread      | logger.py:157 | 请求处理完成: GET /api/novel/search
2025-06-21 17:48:22 | INFO     | MainThread      | logger.py:157 | 开始处理请求: GET /api/search_history/list
2025-06-21 17:50:18 | INFO     | MainThread      | logger.py:157 | 开始处理请求: GET /api/search_history/list
2025-06-21 17:50:18 | INFO     | MainThread      | logger.py:157 | 获取搜索历史列表
2025-06-21 17:50:18 | INFO     | MainThread      | logger.py:157 | 请求处理完成: GET /api/search_history/list
2025-06-21 17:50:18 | INFO     | MainThread      | logger.py:157 | 获取搜索历史列表
2025-06-21 17:50:18 | INFO     | MainThread      | logger.py:157 | 请求处理完成: GET /api/search_history/list
